make --dry-run --always-make --keep-going --print-directory
make: Entering directory '/home/mxhdrm/documents/uni/7/dmx-edg/linux'
 
***
*** Configuration file ".config" not found!
***
*** Please run some configurator (e.g. "make oldconfig" or
*** "make menuconfig" or "make xconfig").
***
make: *** [Makefile:755: .config] Error 1
make: Failed to remake makefile 'include/config/auto.conf.cmd'.
make: Failed to remake makefile 'include/config/auto.conf'.
 
make -f ./scripts/Makefile.build obj=arch/x86/entry/syscalls all
set -e;  echo '  SYSHDR  arch/x86/include/generated/uapi/asm/unistd_32.h';  sh ./scripts/syscallhdr.sh --abis i386 --emit-nr   arch/x86/entry/syscalls/syscall_32.tbl arch/x86/include/generated/uapi/asm/unistd_32.h; printf '%s\n' 'cmd_arch/x86/include/generated/uapi/asm/unistd_32.h := sh ./scripts/syscallhdr.sh --abis i386 --emit-nr   arch/x86/entry/syscalls/syscall_32.tbl arch/x86/include/generated/uapi/asm/unistd_32.h' > arch/x86/include/generated/uapi/asm/.unistd_32.h.cmd
set -e;  echo '  SYSHDR  arch/x86/include/generated/uapi/asm/unistd_64.h';  sh ./scripts/syscallhdr.sh --abis common,64 --emit-nr   arch/x86/entry/syscalls/syscall_64.tbl arch/x86/include/generated/uapi/asm/unistd_64.h; printf '%s\n' 'cmd_arch/x86/include/generated/uapi/asm/unistd_64.h := sh ./scripts/syscallhdr.sh --abis common,64 --emit-nr   arch/x86/entry/syscalls/syscall_64.tbl arch/x86/include/generated/uapi/asm/unistd_64.h' > arch/x86/include/generated/uapi/asm/.unistd_64.h.cmd
set -e;  echo '  SYSHDR  arch/x86/include/generated/uapi/asm/unistd_x32.h';  sh ./scripts/syscallhdr.sh --abis common,x32 --emit-nr --offset __X32_SYSCALL_BIT  arch/x86/entry/syscalls/syscall_64.tbl arch/x86/include/generated/uapi/asm/unistd_x32.h; printf '%s\n' 'cmd_arch/x86/include/generated/uapi/asm/unistd_x32.h := sh ./scripts/syscallhdr.sh --abis common,x32 --emit-nr --offset __X32_SYSCALL_BIT  arch/x86/entry/syscalls/syscall_64.tbl arch/x86/include/generated/uapi/asm/unistd_x32.h' > arch/x86/include/generated/uapi/asm/.unistd_x32.h.cmd
set -e;  echo '  SYSTBL  arch/x86/include/generated/asm/syscalls_32.h';  sh ./scripts/syscalltbl.sh --abis i386 arch/x86/entry/syscalls/syscall_32.tbl arch/x86/include/generated/asm/syscalls_32.h; printf '%s\n' 'cmd_arch/x86/include/generated/asm/syscalls_32.h := sh ./scripts/syscalltbl.sh --abis i386 arch/x86/entry/syscalls/syscall_32.tbl arch/x86/include/generated/asm/syscalls_32.h' > arch/x86/include/generated/asm/.syscalls_32.h.cmd
set -e;  echo '  SYSHDR  arch/x86/include/generated/asm/unistd_32_ia32.h';  sh ./scripts/syscallhdr.sh --abis i386 --emit-nr  --prefix ia32_ arch/x86/entry/syscalls/syscall_32.tbl arch/x86/include/generated/asm/unistd_32_ia32.h; printf '%s\n' 'cmd_arch/x86/include/generated/asm/unistd_32_ia32.h := sh ./scripts/syscallhdr.sh --abis i386 --emit-nr  --prefix ia32_ arch/x86/entry/syscalls/syscall_32.tbl arch/x86/include/generated/asm/unistd_32_ia32.h' > arch/x86/include/generated/asm/.unistd_32_ia32.h.cmd
set -e;  echo '  SYSHDR  arch/x86/include/generated/asm/unistd_64_x32.h';  sh ./scripts/syscallhdr.sh --abis x32 --emit-nr  --prefix x32_ arch/x86/entry/syscalls/syscall_64.tbl arch/x86/include/generated/asm/unistd_64_x32.h; printf '%s\n' 'cmd_arch/x86/include/generated/asm/unistd_64_x32.h := sh ./scripts/syscallhdr.sh --abis x32 --emit-nr  --prefix x32_ arch/x86/entry/syscalls/syscall_64.tbl arch/x86/include/generated/asm/unistd_64_x32.h' > arch/x86/include/generated/asm/.unistd_64_x32.h.cmd
set -e;  echo '  SYSTBL  arch/x86/include/generated/asm/syscalls_64.h';  sh ./scripts/syscalltbl.sh --abis common,64 arch/x86/entry/syscalls/syscall_64.tbl arch/x86/include/generated/asm/syscalls_64.h; printf '%s\n' 'cmd_arch/x86/include/generated/asm/syscalls_64.h := sh ./scripts/syscalltbl.sh --abis common,64 arch/x86/entry/syscalls/syscall_64.tbl arch/x86/include/generated/asm/syscalls_64.h' > arch/x86/include/generated/asm/.syscalls_64.h.cmd
:
make -f ./scripts/Makefile.build obj=scripts/basic
set -e;  echo '  HOSTCC  scripts/basic/fixdep';  gcc -Wp,-MMD,scripts/basic/.fixdep.d -Wall -Wmissing-prototypes -Wstrict-prototypes -O2 -fomit-frame-pointer -std=gnu89         -o scripts/basic/fixdep scripts/basic/fixdep.c   ; scripts/basic/fixdep scripts/basic/.fixdep.d scripts/basic/fixdep 'gcc -Wp,-MMD,scripts/basic/.fixdep.d -Wall -Wmissing-prototypes -Wstrict-prototypes -O2 -fomit-frame-pointer -std=gnu89         -o scripts/basic/fixdep scripts/basic/fixdep.c   ' > scripts/basic/.fixdep.cmd; rm -f scripts/basic/.fixdep.d
:
make -f ./scripts/Makefile.build obj=arch/x86/tools relocs
set -e;  echo '  HOSTCC  arch/x86/tools/relocs_32.o';  gcc -Wp,-MMD,arch/x86/tools/.relocs_32.o.d -Wall -Wmissing-prototypes -Wstrict-prototypes -O2 -fomit-frame-pointer -std=gnu89     -I./tools/include  -c -o arch/x86/tools/relocs_32.o arch/x86/tools/relocs_32.c; scripts/basic/fixdep arch/x86/tools/.relocs_32.o.d arch/x86/tools/relocs_32.o 'gcc -Wp,-MMD,arch/x86/tools/.relocs_32.o.d -Wall -Wmissing-prototypes -Wstrict-prototypes -O2 -fomit-frame-pointer -std=gnu89     -I./tools/include  -c -o arch/x86/tools/relocs_32.o arch/x86/tools/relocs_32.c' > arch/x86/tools/.relocs_32.o.cmd; rm -f arch/x86/tools/.relocs_32.o.d
set -e;  echo '  HOSTCC  arch/x86/tools/relocs_64.o';  gcc -Wp,-MMD,arch/x86/tools/.relocs_64.o.d -Wall -Wmissing-prototypes -Wstrict-prototypes -O2 -fomit-frame-pointer -std=gnu89     -I./tools/include  -c -o arch/x86/tools/relocs_64.o arch/x86/tools/relocs_64.c; scripts/basic/fixdep arch/x86/tools/.relocs_64.o.d arch/x86/tools/relocs_64.o 'gcc -Wp,-MMD,arch/x86/tools/.relocs_64.o.d -Wall -Wmissing-prototypes -Wstrict-prototypes -O2 -fomit-frame-pointer -std=gnu89     -I./tools/include  -c -o arch/x86/tools/relocs_64.o arch/x86/tools/relocs_64.c' > arch/x86/tools/.relocs_64.o.cmd; rm -f arch/x86/tools/.relocs_64.o.d
set -e;  echo '  HOSTCC  arch/x86/tools/relocs_common.o';  gcc -Wp,-MMD,arch/x86/tools/.relocs_common.o.d -Wall -Wmissing-prototypes -Wstrict-prototypes -O2 -fomit-frame-pointer -std=gnu89     -I./tools/include  -c -o arch/x86/tools/relocs_common.o arch/x86/tools/relocs_common.c; scripts/basic/fixdep arch/x86/tools/.relocs_common.o.d arch/x86/tools/relocs_common.o 'gcc -Wp,-MMD,arch/x86/tools/.relocs_common.o.d -Wall -Wmissing-prototypes -Wstrict-prototypes -O2 -fomit-frame-pointer -std=gnu89     -I./tools/include  -c -o arch/x86/tools/relocs_common.o arch/x86/tools/relocs_common.c' > arch/x86/tools/.relocs_common.o.cmd; rm -f arch/x86/tools/.relocs_common.o.d
set -e;  echo '  HOSTLD  arch/x86/tools/relocs';  gcc   -o arch/x86/tools/relocs arch/x86/tools/relocs_32.o arch/x86/tools/relocs_64.o arch/x86/tools/relocs_common.o   ; printf '%s\n' 'cmd_arch/x86/tools/relocs := gcc   -o arch/x86/tools/relocs arch/x86/tools/relocs_32.o arch/x86/tools/relocs_64.o arch/x86/tools/relocs_common.o   ' > arch/x86/tools/.relocs.cmd
:
make -f ./scripts/Makefile.build obj=scripts/dtc
:
make -f ./scripts/Makefile.build obj=scripts
make -f ./scripts/Makefile.build obj=scripts/selinux \
 \
need-builtin= \
need-modorder=
make -f ./scripts/Makefile.build obj=scripts/selinux/genheaders \
 \
need-builtin= \
need-modorder=
set -e;  echo '  HOSTCC  scripts/selinux/genheaders/genheaders';  gcc -Wp,-MMD,scripts/selinux/genheaders/.genheaders.d -Wall -Wmissing-prototypes -Wstrict-prototypes -O2 -fomit-frame-pointer -std=gnu89     -I./include/uapi -I./include -I./security/selinux/include    -o scripts/selinux/genheaders/genheaders scripts/selinux/genheaders/genheaders.c   ; scripts/basic/fixdep scripts/selinux/genheaders/.genheaders.d scripts/selinux/genheaders/genheaders 'gcc -Wp,-MMD,scripts/selinux/genheaders/.genheaders.d -Wall -Wmissing-prototypes -Wstrict-prototypes -O2 -fomit-frame-pointer -std=gnu89     -I./include/uapi -I./include -I./security/selinux/include    -o scripts/selinux/genheaders/genheaders scripts/selinux/genheaders/genheaders.c   ' > scripts/selinux/genheaders/.genheaders.cmd; rm -f scripts/selinux/genheaders/.genheaders.d
:
make -f ./scripts/Makefile.build obj=scripts/selinux/mdp \
 \
need-builtin= \
need-modorder=
set -e;  echo '  HOSTCC  scripts/selinux/mdp/mdp';  gcc -Wp,-MMD,scripts/selinux/mdp/.mdp.d -Wall -Wmissing-prototypes -Wstrict-prototypes -O2 -fomit-frame-pointer -std=gnu89     -I./include/uapi -I./include -I./security/selinux/include -I./include    -o scripts/selinux/mdp/mdp scripts/selinux/mdp/mdp.c   ; scripts/basic/fixdep scripts/selinux/mdp/.mdp.d scripts/selinux/mdp/mdp 'gcc -Wp,-MMD,scripts/selinux/mdp/.mdp.d -Wall -Wmissing-prototypes -Wstrict-prototypes -O2 -fomit-frame-pointer -std=gnu89     -I./include/uapi -I./include -I./security/selinux/include -I./include    -o scripts/selinux/mdp/mdp scripts/selinux/mdp/mdp.c   ' > scripts/selinux/mdp/.mdp.cmd; rm -f scripts/selinux/mdp/.mdp.d
:
:
set -e;  echo '  HOSTCC  scripts/kallsyms';  gcc -Wp,-MMD,scripts/.kallsyms.d -Wall -Wmissing-prototypes -Wstrict-prototypes -O2 -fomit-frame-pointer -std=gnu89         -o scripts/kallsyms scripts/kallsyms.c   ; scripts/basic/fixdep scripts/.kallsyms.d scripts/kallsyms 'gcc -Wp,-MMD,scripts/.kallsyms.d -Wall -Wmissing-prototypes -Wstrict-prototypes -O2 -fomit-frame-pointer -std=gnu89         -o scripts/kallsyms scripts/kallsyms.c   ' > scripts/.kallsyms.cmd; rm -f scripts/.kallsyms.d
set -e;  echo '  HOSTCC  scripts/sorttable';  gcc -Wp,-MMD,scripts/.sorttable.d -Wall -Wmissing-prototypes -Wstrict-prototypes -O2 -fomit-frame-pointer -std=gnu89      -I./tools/include -I./tools/arch/x86/include -DUNWINDER_ORC_ENABLED   -o scripts/sorttable scripts/sorttable.c   -lpthread; scripts/basic/fixdep scripts/.sorttable.d scripts/sorttable 'gcc -Wp,-MMD,scripts/.sorttable.d -Wall -Wmissing-prototypes -Wstrict-prototypes -O2 -fomit-frame-pointer -std=gnu89      -I./tools/include -I./tools/arch/x86/include -DUNWINDER_ORC_ENABLED   -o scripts/sorttable scripts/sorttable.c   -lpthread' > scripts/.sorttable.cmd; rm -f scripts/.sorttable.d
set -e;  echo '  HOSTCC  scripts/asn1_compiler';  gcc -Wp,-MMD,scripts/.asn1_compiler.d -Wall -Wmissing-prototypes -Wstrict-prototypes -O2 -fomit-frame-pointer -std=gnu89      -I./include   -o scripts/asn1_compiler scripts/asn1_compiler.c   ; scripts/basic/fixdep scripts/.asn1_compiler.d scripts/asn1_compiler 'gcc -Wp,-MMD,scripts/.asn1_compiler.d -Wall -Wmissing-prototypes -Wstrict-prototypes -O2 -fomit-frame-pointer -std=gnu89      -I./include   -o scripts/asn1_compiler scripts/asn1_compiler.c   ' > scripts/.asn1_compiler.cmd; rm -f scripts/.asn1_compiler.d
:
set -e; mkdir -p include/config/; trap "rm -f include/config/.kernel.release.tmp" EXIT; { echo "5.17.0-rc6$(sh ./scripts/setlocalversion .)"; } > include/config/.kernel.release.tmp; if [ ! -r include/config/kernel.release ] || ! cmp -s include/config/kernel.release include/config/.kernel.release.tmp; then echo '  UPD     include/config/kernel.release'; mv -f include/config/.kernel.release.tmp include/config/kernel.release; fi
make -f ./scripts/Makefile.asm-generic obj=arch/x86/include/generated/uapi/asm \
generic=include/uapi/asm-generic
set -e;  echo '  WRAP    arch/x86/include/generated/uapi/asm/bpf_perf_event.h';  echo "#include <asm-generic/bpf_perf_event.h>" > arch/x86/include/generated/uapi/asm/bpf_perf_event.h
set -e;  echo '  WRAP    arch/x86/include/generated/uapi/asm/errno.h';  echo "#include <asm-generic/errno.h>" > arch/x86/include/generated/uapi/asm/errno.h
set -e;  echo '  WRAP    arch/x86/include/generated/uapi/asm/fcntl.h';  echo "#include <asm-generic/fcntl.h>" > arch/x86/include/generated/uapi/asm/fcntl.h
set -e;  echo '  WRAP    arch/x86/include/generated/uapi/asm/ioctl.h';  echo "#include <asm-generic/ioctl.h>" > arch/x86/include/generated/uapi/asm/ioctl.h
set -e;  echo '  WRAP    arch/x86/include/generated/uapi/asm/ioctls.h';  echo "#include <asm-generic/ioctls.h>" > arch/x86/include/generated/uapi/asm/ioctls.h
set -e;  echo '  WRAP    arch/x86/include/generated/uapi/asm/ipcbuf.h';  echo "#include <asm-generic/ipcbuf.h>" > arch/x86/include/generated/uapi/asm/ipcbuf.h
set -e;  echo '  WRAP    arch/x86/include/generated/uapi/asm/param.h';  echo "#include <asm-generic/param.h>" > arch/x86/include/generated/uapi/asm/param.h
set -e;  echo '  WRAP    arch/x86/include/generated/uapi/asm/poll.h';  echo "#include <asm-generic/poll.h>" > arch/x86/include/generated/uapi/asm/poll.h
set -e;  echo '  WRAP    arch/x86/include/generated/uapi/asm/resource.h';  echo "#include <asm-generic/resource.h>" > arch/x86/include/generated/uapi/asm/resource.h
set -e;  echo '  WRAP    arch/x86/include/generated/uapi/asm/socket.h';  echo "#include <asm-generic/socket.h>" > arch/x86/include/generated/uapi/asm/socket.h
set -e;  echo '  WRAP    arch/x86/include/generated/uapi/asm/sockios.h';  echo "#include <asm-generic/sockios.h>" > arch/x86/include/generated/uapi/asm/sockios.h
set -e;  echo '  WRAP    arch/x86/include/generated/uapi/asm/termbits.h';  echo "#include <asm-generic/termbits.h>" > arch/x86/include/generated/uapi/asm/termbits.h
set -e;  echo '  WRAP    arch/x86/include/generated/uapi/asm/termios.h';  echo "#include <asm-generic/termios.h>" > arch/x86/include/generated/uapi/asm/termios.h
set -e;  echo '  WRAP    arch/x86/include/generated/uapi/asm/types.h';  echo "#include <asm-generic/types.h>" > arch/x86/include/generated/uapi/asm/types.h
:
make -f ./scripts/Makefile.asm-generic obj=arch/x86/include/generated/asm \
generic=include/asm-generic
set -e;  echo '  WRAP    arch/x86/include/generated/asm/early_ioremap.h';  echo "#include <asm-generic/early_ioremap.h>" > arch/x86/include/generated/asm/early_ioremap.h
set -e;  echo '  WRAP    arch/x86/include/generated/asm/export.h';  echo "#include <asm-generic/export.h>" > arch/x86/include/generated/asm/export.h
set -e;  echo '  WRAP    arch/x86/include/generated/asm/mcs_spinlock.h';  echo "#include <asm-generic/mcs_spinlock.h>" > arch/x86/include/generated/asm/mcs_spinlock.h
set -e;  echo '  WRAP    arch/x86/include/generated/asm/irq_regs.h';  echo "#include <asm-generic/irq_regs.h>" > arch/x86/include/generated/asm/irq_regs.h
set -e;  echo '  WRAP    arch/x86/include/generated/asm/kmap_size.h';  echo "#include <asm-generic/kmap_size.h>" > arch/x86/include/generated/asm/kmap_size.h
set -e;  echo '  WRAP    arch/x86/include/generated/asm/local64.h';  echo "#include <asm-generic/local64.h>" > arch/x86/include/generated/asm/local64.h
set -e;  echo '  WRAP    arch/x86/include/generated/asm/mmiowb.h';  echo "#include <asm-generic/mmiowb.h>" > arch/x86/include/generated/asm/mmiowb.h
set -e;  echo '  WRAP    arch/x86/include/generated/asm/module.lds.h';  echo "#include <asm-generic/module.lds.h>" > arch/x86/include/generated/asm/module.lds.h
set -e;  echo '  WRAP    arch/x86/include/generated/asm/rwonce.h';  echo "#include <asm-generic/rwonce.h>" > arch/x86/include/generated/asm/rwonce.h
set -e;  echo '  WRAP    arch/x86/include/generated/asm/unaligned.h';  echo "#include <asm-generic/unaligned.h>" > arch/x86/include/generated/asm/unaligned.h
:
set -e; mkdir -p include/generated/uapi/linux/; trap "rm -f include/generated/uapi/linux/.version.h.tmp" EXIT; { 	if [  0 -gt 255 ]; then echo \#define LINUX_VERSION_CODE 332287; else echo \#define LINUX_VERSION_CODE 332032; fi; echo '#define KERNEL_VERSION(a,b,c) (((a) << 16) + ((b) << 8) + ((c) > 255 ? 255 : (c)))'; echo \#define LINUX_VERSION_MAJOR 5; echo \#define LINUX_VERSION_PATCHLEVEL  17; echo \#define LINUX_VERSION_SUBLEVEL  0; } > include/generated/uapi/linux/.version.h.tmp; if [ ! -r include/generated/uapi/linux/version.h ] || ! cmp -s include/generated/uapi/linux/version.h include/generated/uapi/linux/.version.h.tmp; then echo '  UPD     include/generated/uapi/linux/version.h'; mv -f include/generated/uapi/linux/.version.h.tmp include/generated/uapi/linux/version.h; fi
set -e; mkdir -p include/generated/; trap "rm -f include/generated/.utsrelease.h.tmp" EXIT; { 	if [ `echo -n "5.17.0-rc6-125686-ged0ebbb9c60c-dirty" | wc -c ` -gt 64 ]; then echo '"5.17.0-rc6-125686-ged0ebbb9c60c-dirty" exceeds 64 characters' >&2; exit 1; fi; echo \#define UTS_RELEASE \"5.17.0-rc6-125686-ged0ebbb9c60c-dirty\"; } > include/generated/.utsrelease.h.tmp; if [ ! -r include/generated/utsrelease.h ] || ! cmp -s include/generated/utsrelease.h include/generated/.utsrelease.h.tmp; then echo '  UPD     include/generated/utsrelease.h'; mv -f include/generated/.utsrelease.h.tmp include/generated/utsrelease.h; fi
./scripts/remove-stale-files
mkdir -p ./tools
make LDFLAGS= MAKEFLAGS=" " O=/home/mxhdrm/documents/uni/7/dmx-edg/linux subdir=tools -C ./tools/ objtool
echo	       '  DESCEND 'objtool; mkdir -p /home/mxhdrm/documents/uni/7/dmx-edg/linux/tools/objtool && make O=/home/mxhdrm/documents/uni/7/dmx-edg/linux subdir=tools/objtool --no-print-directory -C objtool 
  DESCEND objtool
  HOSTCC  /home/mxhdrm/documents/uni/7/dmx-edg/linux/tools/objtool/fixdep.o
  HOSTLD  /home/mxhdrm/documents/uni/7/dmx-edg/linux/tools/objtool/fixdep-in.o
  LINK    /home/mxhdrm/documents/uni/7/dmx-edg/linux/tools/objtool/fixdep
  CC      /home/mxhdrm/documents/uni/7/dmx-edg/linux/tools/objtool/exec-cmd.o
  CC      /home/mxhdrm/documents/uni/7/dmx-edg/linux/tools/objtool/help.o
 
  CC      /home/mxhdrm/documents/uni/7/dmx-edg/linux/tools/objtool/pager.o
 
  CC      /home/mxhdrm/documents/uni/7/dmx-edg/linux/tools/objtool/parse-options.o
 
  CC      /home/mxhdrm/documents/uni/7/dmx-edg/linux/tools/objtool/run-command.o
 
  CC      /home/mxhdrm/documents/uni/7/dmx-edg/linux/tools/objtool/sigchain.o
 
  CC      /home/mxhdrm/documents/uni/7/dmx-edg/linux/tools/objtool/subcmd-config.o
 
  LD      /home/mxhdrm/documents/uni/7/dmx-edg/linux/tools/objtool/libsubcmd-in.o
  AR      /home/mxhdrm/documents/uni/7/dmx-edg/linux/tools/objtool/libsubcmd.a
  CC      /home/mxhdrm/documents/uni/7/dmx-edg/linux/tools/objtool/arch/x86/special.o
 
  CC      /home/mxhdrm/documents/uni/7/dmx-edg/linux/tools/objtool/arch/x86/decode.o
 
  LD      /home/mxhdrm/documents/uni/7/dmx-edg/linux/tools/objtool/arch/x86/objtool-in.o
  CC      /home/mxhdrm/documents/uni/7/dmx-edg/linux/tools/objtool/weak.o
  CC      /home/mxhdrm/documents/uni/7/dmx-edg/linux/tools/objtool/check.o
 
  CC      /home/mxhdrm/documents/uni/7/dmx-edg/linux/tools/objtool/special.o
 
  CC      /home/mxhdrm/documents/uni/7/dmx-edg/linux/tools/objtool/orc_gen.o
  CC      /home/mxhdrm/documents/uni/7/dmx-edg/linux/tools/objtool/orc_dump.o
 
  CC      /home/mxhdrm/documents/uni/7/dmx-edg/linux/tools/objtool/builtin-check.o
 
  CC      /home/mxhdrm/documents/uni/7/dmx-edg/linux/tools/objtool/builtin-orc.o
 
  CC      /home/mxhdrm/documents/uni/7/dmx-edg/linux/tools/objtool/elf.o
 
  CC      /home/mxhdrm/documents/uni/7/dmx-edg/linux/tools/objtool/objtool.o
 
  CC      /home/mxhdrm/documents/uni/7/dmx-edg/linux/tools/objtool/libstring.o
 
  CC      /home/mxhdrm/documents/uni/7/dmx-edg/linux/tools/objtool/libctype.o
 
  CC      /home/mxhdrm/documents/uni/7/dmx-edg/linux/tools/objtool/str_error_r.o
 
  CC      /home/mxhdrm/documents/uni/7/dmx-edg/linux/tools/objtool/librbtree.o
 
  LD      /home/mxhdrm/documents/uni/7/dmx-edg/linux/tools/objtool/objtool-in.o
 
  LINK    /home/mxhdrm/documents/uni/7/dmx-edg/linux/tools/objtool/objtool
 
make: Leaving directory '/home/mxhdrm/documents/uni/7/dmx-edg/linux'
 
